<?xml version="1.0" encoding="UTF-8"?>
<testsuite name="EncryptDecryptTest" tests="1" skipped="0" failures="0" errors="0" timestamp="2019-10-01T07:54:35" hostname="Marias-Air.lan" time="0.313">
  <properties/>
  <testcase name="start" classname="EncryptDecryptTest" time="0.313"/>
  <system-out><![CDATA[unic
\jqhtrj%yt%m~ujwxpnqq&
unic
Hello
unic
123456789
unic
Welcome to hyperskill!
unic
Hi
unic
111122223333
shift
alphabetfactory
begin create rule
enc jumprule
rule done
rule set
122 122 match
returning 97 a
32 32 match
returning 32  
32 32 match
returning 32  
32 32 match
returning 32  
32 32 match
returning 32  
32 32 match
returning 32  
32 32 match
returning 32  
32 32 match
returning 32  
32 32 match
returning 32  
32 32 match
returning 32  
32 32 match
returning 32  
122 122 match
returning 97 a
bjqhtrj yt mdujwxpnqq
shift
alphabetfactory
begin create rule
dec jumprule
rule done
rule set
char d with unic 100
97 97 match
returning 122 z
char b with unic 98
97 97 match
returning 122 z
char o with unic 111
char k with unic 107
char c with unic 99
97 97 match
returning 122 z
char e with unic 101
97 97 match
returning 122 z
char b with unic 98
97 97 match
returning 122 z
char o with unic 111
treasure
shift
alphabetfactory
begin create rule
enc jumprule
rule done
rule set
122 122 match
returning 97 a
122 122 match
returning 97 a
122 122 match
returning 97 a
122 122 match
returning 97 a
122 122 match
returning 97 a
122 122 match
returning 97 a
122 122 match
returning 97 a
122 122 match
returning 97 a
122 122 match
returning 97 a
122 122 match
returning 97 a
122 122 match
returning 97 a
122 122 match
returning 97 a
122 122 match
returning 97 a
122 122 match
returning 97 a
122 122 match
returning 97 a
122 122 match
returning 97 a
122 122 match
returning 97 a
122 122 match
returning 97 a
122 122 match
returning 97 a
122 122 match
returning 97 a
122 122 match
returning 97 a
122 122 match
returning 97 a
122 122 match
returning 97 a
122 122 match
returning 97 a
122 122 match
returning 97 a
122 122 match
returning 97 a
122 122 match
returning 97 a
cphpchdjcijdjibhdjebhjucspucmdmudbnuccup
shift
alphabetfactory
begin create rule
dec jumprule
rule done
rule set
char i with unic 105
97 97 match
returning 122 z
y
shift
alphabetfactory
begin create rule
enc jumprule
rule done
rule set
122 122 match
returning 97 a
i
]]></system-out>
  <system-err><![CDATA[Start test 1
Start test 2
Start test 3
Start test 4
Start test 5
Start test 6
Start test 7
Start test 8
Start test 9
Start test 10
Start test 11
]]></system-err>
</testsuite>
